This is pdfTeX, Version 3.141592653-2.6-1.40.22 (MiKTeX 21.3 Portable) (preloaded format=pdflatex 2021.5.14)  28 MAY 2021 18:33
entering extended mode
**./Relatorio.tex
(Relatorio.tex
LaTeX2e <2020-10-01> patch level 4
L3 programming layer <2021-05-07>
(F:\LaTeX\miktex-portable\texmfs\install\tex/latex/base\article.cls
Document Class: article 2020/04/10 v1.4m Standard LaTeX document class
(F:\LaTeX\miktex-portable\texmfs\install\tex/latex/base\size11.clo
File: size11.clo 2020/04/10 v1.4m Standard LaTeX file (size option)
)
\c@part=\count179
\c@section=\count180
\c@subsection=\count181
\c@subsubsection=\count182
\c@paragraph=\count183
\c@subparagraph=\count184
\c@figure=\count185
\c@table=\count186
\abovecaptionskip=\skip47
\belowcaptionskip=\skip48
\bibindent=\dimen138
)
(F:\LaTeX\miktex-portable\texmfs\install\tex/latex/graphics\graphicx.sty
Package: graphicx 2020/09/09 v1.2b Enhanced LaTeX Graphics (DPC,SPQR)

(F:\LaTeX\miktex-portable\texmfs\install\tex/latex/graphics\keyval.sty
Package: keyval 2014/10/28 v1.15 key=value parser (DPC)
\KV@toks@=\toks15
)
(F:\LaTeX\miktex-portable\texmfs\install\tex/latex/graphics\graphics.sty
Package: graphics 2020/08/30 v1.4c Standard LaTeX Graphics (DPC,SPQR)

(F:\LaTeX\miktex-portable\texmfs\install\tex/latex/graphics\trig.sty
Package: trig 2016/01/03 v1.10 sin cos tan (DPC)
)
(F:\LaTeX\miktex-portable\texmfs\install\tex/latex/graphics-cfg\graphics.cfg
File: graphics.cfg 2016/06/04 v1.11 sample graphics configuration
)
Package graphics Info: Driver file: pdftex.def on input line 105.

(F:\LaTeX\miktex-portable\texmfs\install\tex/latex/graphics-def\pdftex.def
File: pdftex.def 2020/10/05 v1.2a Graphics/color driver for pdftex
))
\Gin@req@height=\dimen139
\Gin@req@width=\dimen140
)
(F:\LaTeX\miktex-portable\texmfs\install\tex/latex/geometry\geometry.sty
Package: geometry 2020/01/02 v5.9 Page Geometry

(F:\LaTeX\miktex-portable\texmfs\install\tex/generic/iftex\ifvtex.sty
Package: ifvtex 2019/10/25 v1.7 ifvtex legacy package. Use iftex instead.

(F:\LaTeX\miktex-portable\texmfs\install\tex/generic/iftex\iftex.sty
Package: iftex 2020/03/06 v1.0d TeX engine tests
))
\Gm@cnth=\count187
\Gm@cntv=\count188
\c@Gm@tempcnt=\count189
\Gm@bindingoffset=\dimen141
\Gm@wd@mp=\dimen142
\Gm@odd@mp=\dimen143
\Gm@even@mp=\dimen144
\Gm@layoutwidth=\dimen145
\Gm@layoutheight=\dimen146
\Gm@layouthoffset=\dimen147
\Gm@layoutvoffset=\dimen148
\Gm@dimlist=\toks16

(F:\LaTeX\miktex-portable\texmfs\install\tex/latex/geometry\geometry.cfg))
(F:\LaTeX\miktex-portable\texmfs\install\tex/latex/pgf/frontendlayer\tikz.sty
(F:\LaTeX\miktex-portable\texmfs\install\tex/latex/pgf/basiclayer\pgf.sty
(F:\LaTeX\miktex-portable\texmfs\install\tex/latex/pgf/utilities\pgfrcs.sty
(F:\LaTeX\miktex-portable\texmfs\install\tex/generic/pgf/utilities\pgfutil-comm
on.tex
\pgfutil@everybye=\toks17
\pgfutil@tempdima=\dimen149
\pgfutil@tempdimb=\dimen150

(F:\LaTeX\miktex-portable\texmfs\install\tex/generic/pgf/utilities\pgfutil-comm
on-lists.tex))
(F:\LaTeX\miktex-portable\texmfs\install\tex/generic/pgf/utilities\pgfutil-late
x.def
\pgfutil@abb=\box47
)
(F:\LaTeX\miktex-portable\texmfs\install\tex/generic/pgf/utilities\pgfrcs.code.
tex (F:\LaTeX\miktex-portable\texmfs\install\tex/generic/pgf\pgf.revision.tex)
Package: pgfrcs 2020/12/27 v3.1.8b (3.1.8b)
))
Package: pgf 2020/12/27 v3.1.8b (3.1.8b)
 (F:\LaTeX\miktex-portable\texmfs\install\tex/latex/pgf/basiclayer\pgfcore.sty 
(F:\LaTeX\miktex-portable\texmfs\install\tex/latex/pgf/systemlayer\pgfsys.sty
(F:\LaTeX\miktex-portable\texmfs\install\tex/generic/pgf/systemlayer\pgfsys.cod
e.tex
Package: pgfsys 2020/12/27 v3.1.8b (3.1.8b)

(F:\LaTeX\miktex-portable\texmfs\install\tex/generic/pgf/utilities\pgfkeys.code
.tex
\pgfkeys@pathtoks=\toks18
\pgfkeys@temptoks=\toks19

(F:\LaTeX\miktex-portable\texmfs\install\tex/generic/pgf/utilities\pgfkeysfilte
red.code.tex
\pgfkeys@tmptoks=\toks20
))
\pgf@x=\dimen151
\pgf@y=\dimen152
\pgf@xa=\dimen153
\pgf@ya=\dimen154
\pgf@xb=\dimen155
\pgf@yb=\dimen156
\pgf@xc=\dimen157
\pgf@yc=\dimen158
\pgf@xd=\dimen159
\pgf@yd=\dimen160
\w@pgf@writea=\write3
\r@pgf@reada=\read2
\c@pgf@counta=\count190
\c@pgf@countb=\count191
\c@pgf@countc=\count192
\c@pgf@countd=\count193
\t@pgf@toka=\toks21
\t@pgf@tokb=\toks22
\t@pgf@tokc=\toks23
\pgf@sys@id@count=\count194

(F:\LaTeX\miktex-portable\texmfs\install\tex/generic/pgf/systemlayer\pgf.cfg
File: pgf.cfg 2020/12/27 v3.1.8b (3.1.8b)
)
Driver file for pgf: pgfsys-pdftex.def

(F:\LaTeX\miktex-portable\texmfs\install\tex/generic/pgf/systemlayer\pgfsys-pdf
tex.def
File: pgfsys-pdftex.def 2020/12/27 v3.1.8b (3.1.8b)

(F:\LaTeX\miktex-portable\texmfs\install\tex/generic/pgf/systemlayer\pgfsys-com
mon-pdf.def
File: pgfsys-common-pdf.def 2020/12/27 v3.1.8b (3.1.8b)
)))
(F:\LaTeX\miktex-portable\texmfs\install\tex/generic/pgf/systemlayer\pgfsyssoft
path.code.tex
File: pgfsyssoftpath.code.tex 2020/12/27 v3.1.8b (3.1.8b)
\pgfsyssoftpath@smallbuffer@items=\count195
\pgfsyssoftpath@bigbuffer@items=\count196
)
(F:\LaTeX\miktex-portable\texmfs\install\tex/generic/pgf/systemlayer\pgfsysprot
ocol.code.tex
File: pgfsysprotocol.code.tex 2020/12/27 v3.1.8b (3.1.8b)
))
(F:\LaTeX\miktex-portable\texmfs\install\tex/latex/xcolor\xcolor.sty
Package: xcolor 2016/05/11 v2.12 LaTeX color extensions (UK)

(F:\LaTeX\miktex-portable\texmfs\install\tex/latex/graphics-cfg\color.cfg
File: color.cfg 2016/01/02 v1.6 sample color configuration
)
Package xcolor Info: Driver file: pdftex.def on input line 225.
Package xcolor Info: Model `cmy' substituted by `cmy0' on input line 1348.
Package xcolor Info: Model `hsb' substituted by `rgb' on input line 1352.
Package xcolor Info: Model `RGB' extended on input line 1364.
Package xcolor Info: Model `HTML' substituted by `rgb' on input line 1366.
Package xcolor Info: Model `Hsb' substituted by `hsb' on input line 1367.
Package xcolor Info: Model `tHsb' substituted by `hsb' on input line 1368.
Package xcolor Info: Model `HSB' substituted by `hsb' on input line 1369.
Package xcolor Info: Model `Gray' substituted by `gray' on input line 1370.
Package xcolor Info: Model `wave' substituted by `hsb' on input line 1371.
)
(F:\LaTeX\miktex-portable\texmfs\install\tex/generic/pgf/basiclayer\pgfcore.cod
e.tex
Package: pgfcore 2020/12/27 v3.1.8b (3.1.8b)

(F:\LaTeX\miktex-portable\texmfs\install\tex/generic/pgf/math\pgfmath.code.tex
(F:\LaTeX\miktex-portable\texmfs\install\tex/generic/pgf/math\pgfmathcalc.code.
tex
(F:\LaTeX\miktex-portable\texmfs\install\tex/generic/pgf/math\pgfmathutil.code.
tex)
(F:\LaTeX\miktex-portable\texmfs\install\tex/generic/pgf/math\pgfmathparser.cod
e.tex
\pgfmath@dimen=\dimen161
\pgfmath@count=\count197
\pgfmath@box=\box48
\pgfmath@toks=\toks24
\pgfmath@stack@operand=\toks25
\pgfmath@stack@operation=\toks26
)
(F:\LaTeX\miktex-portable\texmfs\install\tex/generic/pgf/math\pgfmathfunctions.
code.tex
(F:\LaTeX\miktex-portable\texmfs\install\tex/generic/pgf/math\pgfmathfunctions.
basic.code.tex)
(F:\LaTeX\miktex-portable\texmfs\install\tex/generic/pgf/math\pgfmathfunctions.
trigonometric.code.tex)
(F:\LaTeX\miktex-portable\texmfs\install\tex/generic/pgf/math\pgfmathfunctions.
random.code.tex)
(F:\LaTeX\miktex-portable\texmfs\install\tex/generic/pgf/math\pgfmathfunctions.
comparison.code.tex)
(F:\LaTeX\miktex-portable\texmfs\install\tex/generic/pgf/math\pgfmathfunctions.
base.code.tex)
(F:\LaTeX\miktex-portable\texmfs\install\tex/generic/pgf/math\pgfmathfunctions.
round.code.tex)
(F:\LaTeX\miktex-portable\texmfs\install\tex/generic/pgf/math\pgfmathfunctions.
misc.code.tex)
(F:\LaTeX\miktex-portable\texmfs\install\tex/generic/pgf/math\pgfmathfunctions.
integerarithmetics.code.tex)))
(F:\LaTeX\miktex-portable\texmfs\install\tex/generic/pgf/math\pgfmathfloat.code
.tex
\c@pgfmathroundto@lastzeros=\count198
))
(F:\LaTeX\miktex-portable\texmfs\install\tex/generic/pgf/math\pgfint.code.tex)
(F:\LaTeX\miktex-portable\texmfs\install\tex/generic/pgf/basiclayer\pgfcorepoin
ts.code.tex
File: pgfcorepoints.code.tex 2020/12/27 v3.1.8b (3.1.8b)
\pgf@picminx=\dimen162
\pgf@picmaxx=\dimen163
\pgf@picminy=\dimen164
\pgf@picmaxy=\dimen165
\pgf@pathminx=\dimen166
\pgf@pathmaxx=\dimen167
\pgf@pathminy=\dimen168
\pgf@pathmaxy=\dimen169
\pgf@xx=\dimen170
\pgf@xy=\dimen171
\pgf@yx=\dimen172
\pgf@yy=\dimen173
\pgf@zx=\dimen174
\pgf@zy=\dimen175
)
(F:\LaTeX\miktex-portable\texmfs\install\tex/generic/pgf/basiclayer\pgfcorepath
construct.code.tex
File: pgfcorepathconstruct.code.tex 2020/12/27 v3.1.8b (3.1.8b)
\pgf@path@lastx=\dimen176
\pgf@path@lasty=\dimen177
)
(F:\LaTeX\miktex-portable\texmfs\install\tex/generic/pgf/basiclayer\pgfcorepath
usage.code.tex
File: pgfcorepathusage.code.tex 2020/12/27 v3.1.8b (3.1.8b)
\pgf@shorten@end@additional=\dimen178
\pgf@shorten@start@additional=\dimen179
)
(F:\LaTeX\miktex-portable\texmfs\install\tex/generic/pgf/basiclayer\pgfcorescop
es.code.tex
File: pgfcorescopes.code.tex 2020/12/27 v3.1.8b (3.1.8b)
\pgfpic=\box49
\pgf@hbox=\box50
\pgf@layerbox@main=\box51
\pgf@picture@serial@count=\count199
)
(F:\LaTeX\miktex-portable\texmfs\install\tex/generic/pgf/basiclayer\pgfcoregrap
hicstate.code.tex
File: pgfcoregraphicstate.code.tex 2020/12/27 v3.1.8b (3.1.8b)
\pgflinewidth=\dimen180
)
(F:\LaTeX\miktex-portable\texmfs\install\tex/generic/pgf/basiclayer\pgfcoretran
sformations.code.tex
File: pgfcoretransformations.code.tex 2020/12/27 v3.1.8b (3.1.8b)
\pgf@pt@x=\dimen181
\pgf@pt@y=\dimen182
\pgf@pt@temp=\dimen183
)
(F:\LaTeX\miktex-portable\texmfs\install\tex/generic/pgf/basiclayer\pgfcorequic
k.code.tex
File: pgfcorequick.code.tex 2020/12/27 v3.1.8b (3.1.8b)
)
(F:\LaTeX\miktex-portable\texmfs\install\tex/generic/pgf/basiclayer\pgfcoreobje
cts.code.tex
File: pgfcoreobjects.code.tex 2020/12/27 v3.1.8b (3.1.8b)
)
(F:\LaTeX\miktex-portable\texmfs\install\tex/generic/pgf/basiclayer\pgfcorepath
processing.code.tex
File: pgfcorepathprocessing.code.tex 2020/12/27 v3.1.8b (3.1.8b)
)
(F:\LaTeX\miktex-portable\texmfs\install\tex/generic/pgf/basiclayer\pgfcorearro
ws.code.tex
File: pgfcorearrows.code.tex 2020/12/27 v3.1.8b (3.1.8b)
\pgfarrowsep=\dimen184
)
(F:\LaTeX\miktex-portable\texmfs\install\tex/generic/pgf/basiclayer\pgfcoreshad
e.code.tex
File: pgfcoreshade.code.tex 2020/12/27 v3.1.8b (3.1.8b)
\pgf@max=\dimen185
\pgf@sys@shading@range@num=\count266
\pgf@shadingcount=\count267
)
(F:\LaTeX\miktex-portable\texmfs\install\tex/generic/pgf/basiclayer\pgfcoreimag
e.code.tex
File: pgfcoreimage.code.tex 2020/12/27 v3.1.8b (3.1.8b)

(F:\LaTeX\miktex-portable\texmfs\install\tex/generic/pgf/basiclayer\pgfcoreexte
rnal.code.tex
File: pgfcoreexternal.code.tex 2020/12/27 v3.1.8b (3.1.8b)
\pgfexternal@startupbox=\box52
))
(F:\LaTeX\miktex-portable\texmfs\install\tex/generic/pgf/basiclayer\pgfcorelaye
rs.code.tex
File: pgfcorelayers.code.tex 2020/12/27 v3.1.8b (3.1.8b)
)
(F:\LaTeX\miktex-portable\texmfs\install\tex/generic/pgf/basiclayer\pgfcoretran
sparency.code.tex
File: pgfcoretransparency.code.tex 2020/12/27 v3.1.8b (3.1.8b)
)
(F:\LaTeX\miktex-portable\texmfs\install\tex/generic/pgf/basiclayer\pgfcorepatt
erns.code.tex
File: pgfcorepatterns.code.tex 2020/12/27 v3.1.8b (3.1.8b)
)
(F:\LaTeX\miktex-portable\texmfs\install\tex/generic/pgf/basiclayer\pgfcorerdf.
code.tex
File: pgfcorerdf.code.tex 2020/12/27 v3.1.8b (3.1.8b)
)))
(F:\LaTeX\miktex-portable\texmfs\install\tex/generic/pgf/modules\pgfmoduleshape
s.code.tex
File: pgfmoduleshapes.code.tex 2020/12/27 v3.1.8b (3.1.8b)
\pgfnodeparttextbox=\box53
)
(F:\LaTeX\miktex-portable\texmfs\install\tex/generic/pgf/modules\pgfmoduleplot.
code.tex
File: pgfmoduleplot.code.tex 2020/12/27 v3.1.8b (3.1.8b)
)
(F:\LaTeX\miktex-portable\texmfs\install\tex/latex/pgf/compatibility\pgfcomp-ve
rsion-0-65.sty
Package: pgfcomp-version-0-65 2020/12/27 v3.1.8b (3.1.8b)
\pgf@nodesepstart=\dimen186
\pgf@nodesepend=\dimen187
)
(F:\LaTeX\miktex-portable\texmfs\install\tex/latex/pgf/compatibility\pgfcomp-ve
rsion-1-18.sty
Package: pgfcomp-version-1-18 2020/12/27 v3.1.8b (3.1.8b)
))
(F:\LaTeX\miktex-portable\texmfs\install\tex/latex/pgf/utilities\pgffor.sty
(F:\LaTeX\miktex-portable\texmfs\install\tex/latex/pgf/utilities\pgfkeys.sty
(F:\LaTeX\miktex-portable\texmfs\install\tex/generic/pgf/utilities\pgfkeys.code
.tex)) (F:\LaTeX\miktex-portable\texmfs\install\tex/latex/pgf/math\pgfmath.sty
(F:\LaTeX\miktex-portable\texmfs\install\tex/generic/pgf/math\pgfmath.code.tex)
)
(F:\LaTeX\miktex-portable\texmfs\install\tex/generic/pgf/utilities\pgffor.code.
tex
Package: pgffor 2020/12/27 v3.1.8b (3.1.8b)

(F:\LaTeX\miktex-portable\texmfs\install\tex/generic/pgf/math\pgfmath.code.tex)
\pgffor@iter=\dimen188
\pgffor@skip=\dimen189
\pgffor@stack=\toks27
\pgffor@toks=\toks28
))
(F:\LaTeX\miktex-portable\texmfs\install\tex/generic/pgf/frontendlayer/tikz\tik
z.code.tex
Package: tikz 2020/12/27 v3.1.8b (3.1.8b)

(F:\LaTeX\miktex-portable\texmfs\install\tex/generic/pgf/libraries\pgflibrarypl
othandlers.code.tex
File: pgflibraryplothandlers.code.tex 2020/12/27 v3.1.8b (3.1.8b)
\pgf@plot@mark@count=\count268
\pgfplotmarksize=\dimen190
)
\tikz@lastx=\dimen191
\tikz@lasty=\dimen192
\tikz@lastxsaved=\dimen193
\tikz@lastysaved=\dimen194
\tikz@lastmovetox=\dimen195
\tikz@lastmovetoy=\dimen196
\tikzleveldistance=\dimen197
\tikzsiblingdistance=\dimen198
\tikz@figbox=\box54
\tikz@figbox@bg=\box55
\tikz@tempbox=\box56
\tikz@tempbox@bg=\box57
\tikztreelevel=\count269
\tikznumberofchildren=\count270
\tikznumberofcurrentchild=\count271
\tikz@fig@count=\count272

(F:\LaTeX\miktex-portable\texmfs\install\tex/generic/pgf/modules\pgfmodulematri
x.code.tex
File: pgfmodulematrix.code.tex 2020/12/27 v3.1.8b (3.1.8b)
\pgfmatrixcurrentrow=\count273
\pgfmatrixcurrentcolumn=\count274
\pgf@matrix@numberofcolumns=\count275
)
\tikz@expandcount=\count276

(F:\LaTeX\miktex-portable\texmfs\install\tex/generic/pgf/frontendlayer/tikz/lib
raries\tikzlibrarytopaths.code.tex
File: tikzlibrarytopaths.code.tex 2020/12/27 v3.1.8b (3.1.8b)
)))
(F:\LaTeX\miktex-portable\texmfs\install\tex/latex/latex-tools\indentfirst.sty
Package: indentfirst 1995/11/23 v1.03 Indent first paragraph (DPC)
) (F:\LaTeX\miktex-portable\texmfs\install\tex/latex/latex-tools\tabularx.sty
Package: tabularx 2020/01/15 v2.11c `tabularx' package (DPC)

(F:\LaTeX\miktex-portable\texmfs\install\tex/latex/latex-tools\array.sty
Package: array 2020/10/01 v2.5c Tabular extension package (FMi)
\col@sep=\dimen199
\ar@mcellbox=\box58
\extrarowheight=\dimen256
\NC@list=\toks29
\extratabsurround=\skip49
\backup@length=\skip50
\ar@cellbox=\box59
)
\TX@col@width=\dimen257
\TX@old@table=\dimen258
\TX@old@col=\dimen259
\TX@target=\dimen260
\TX@delta=\dimen261
\TX@cols=\count277
\TX@ftn=\toks30
)
(F:\LaTeX\miktex-portable\texmfs\install\tex/latex/listingsutf8\listingsutf8.st
y
Package: listingsutf8 2019-12-10 v1.5 Allow UTF-8 in listings input (HO)
 (F:\LaTeX\miktex-portable\texmfs\install\tex/latex/listings\listings.sty
\lst@mode=\count278
\lst@gtempboxa=\box60
\lst@token=\toks31
\lst@length=\count279
\lst@currlwidth=\dimen262
\lst@column=\count280
\lst@pos=\count281
\lst@lostspace=\dimen263
\lst@width=\dimen264
\lst@newlines=\count282
\lst@lineno=\count283
\lst@maxwidth=\dimen265

(F:\LaTeX\miktex-portable\texmfs\install\tex/latex/listings\lstmisc.sty
File: lstmisc.sty 2020/03/24 1.8d (Carsten Heinz)
\c@lstnumber=\count284
\lst@skipnumbers=\count285
\lst@framebox=\box61
)
(F:\LaTeX\miktex-portable\texmfs\install\tex/latex/listings\listings.cfg
File: listings.cfg 2020/03/24 1.8d listings configuration
))
Package: listings 2020/03/24 1.8d (Carsten Heinz)

(F:\LaTeX\miktex-portable\texmfs\install\tex/generic/pdftexcmds\pdftexcmds.sty
Package: pdftexcmds 2020-06-27 v0.33 Utility functions of pdfTeX for LuaTeX (HO
)

(F:\LaTeX\miktex-portable\texmfs\install\tex/generic/infwarerr\infwarerr.sty
Package: infwarerr 2019/12/03 v1.5 Providing info/warning/error messages (HO)
)
(F:\LaTeX\miktex-portable\texmfs\install\tex/generic/ltxcmds\ltxcmds.sty
Package: ltxcmds 2020-05-10 v1.25 LaTeX kernel commands for general use (HO)
)
Package pdftexcmds Info: \pdf@primitive is available.
Package pdftexcmds Info: \pdf@ifprimitive is available.
Package pdftexcmds Info: \pdfdraftmode found.
)
(F:\LaTeX\miktex-portable\texmfs\install\tex/generic/stringenc\stringenc.sty
Package: stringenc 2019/11/29 v1.12 Convert strings between diff. encodings (HO
)

(F:\LaTeX\miktex-portable\texmfs\install\tex/generic/pdfescape\pdfescape.sty
Package: pdfescape 2019/12/09 v1.15 Implements pdfTeX's escape features (HO)
))) (F:\LaTeX\miktex-portable\texmfs\install\tex/generic/babel\babel.sty
Package: babel 2021/04/26 3.58 The Babel package

(F:\LaTeX\miktex-portable\texmfs\install\tex/generic/babel\babel.def
File: babel.def 2021/04/26 3.58 Babel common definitions
\babel@savecnt=\count286
\U@D=\dimen266
\l@unhyphenated=\language79

(F:\LaTeX\miktex-portable\texmfs\install\tex/generic/babel\txtbabel.def)
\bbl@readstream=\read3
)
\bbl@dirlevel=\count287

*************************************
* Local config file bblopts.cfg used
*
(F:\LaTeX\miktex-portable\texmfs\install\tex/latex/arabi\bblopts.cfg
File: bblopts.cfg 2005/09/08 v0.1 add Arabic and Farsi to "declared" options of
 babel
)
(F:\LaTeX\miktex-portable\texmfs\install\tex/latex/babel-portuges\portuguese.ld
f
Language: portuges 2021/02/04 v1.2s Portuguese support from the babel system
Package babel Info: Making " an active character on input line 143.
)) (F:\LaTeX\miktex-portable\texmfs\install\tex/latex/listings\lstlang1.sty
File: lstlang1.sty 2020/03/24 1.8d listings language file
)
(F:\LaTeX\miktex-portable\texmfs\install\tex/latex/listings\lstmisc.sty
File: lstmisc.sty 2020/03/24 1.8d (Carsten Heinz)
)
(F:\LaTeX\miktex-portable\texmfs\install\tex/latex/l3backend\l3backend-pdftex.d
ef
File: l3backend-pdftex.def 2021-05-07 L3 backend support: PDF output (pdfTeX)
\l__color_backend_stack_int=\count288
\l__pdf_internal_box=\box62
) (Relatorio.aux (Cover.aux))
\openout1 = `Relatorio.aux'.

LaTeX Font Info:    Checking defaults for OML/cmm/m/it on input line 39.
LaTeX Font Info:    ... okay on input line 39.
LaTeX Font Info:    Checking defaults for OMS/cmsy/m/n on input line 39.
LaTeX Font Info:    ... okay on input line 39.
LaTeX Font Info:    Checking defaults for OT1/cmr/m/n on input line 39.
LaTeX Font Info:    ... okay on input line 39.
LaTeX Font Info:    Checking defaults for T1/cmr/m/n on input line 39.
LaTeX Font Info:    ... okay on input line 39.
LaTeX Font Info:    Checking defaults for TS1/cmr/m/n on input line 39.
LaTeX Font Info:    ... okay on input line 39.
LaTeX Font Info:    Checking defaults for OMX/cmex/m/n on input line 39.
LaTeX Font Info:    ... okay on input line 39.
LaTeX Font Info:    Checking defaults for U/cmr/m/n on input line 39.
LaTeX Font Info:    ... okay on input line 39.

(F:\LaTeX\miktex-portable\texmfs\install\tex/context/base/mkii\supp-pdf.mkii
[Loading MPS to PDF converter (version 2006.09.02).]
\scratchcounter=\count289
\scratchdimen=\dimen267
\scratchbox=\box63
\nofMPsegments=\count290
\nofMParguments=\count291
\everyMPshowfont=\toks32
\MPscratchCnt=\count292
\MPscratchDim=\dimen268
\MPnumerator=\count293
\makeMPintoPDFobject=\count294
\everyMPtoPDFconversion=\toks33
)
(F:\LaTeX\miktex-portable\texmfs\install\tex/latex/epstopdf-pkg\epstopdf-base.s
ty
Package: epstopdf-base 2020-01-24 v2.11 Base part for package epstopdf
 (F:\LaTeX\miktex-portable\texmfs\install\tex/latex/grfext\grfext.sty
Package: grfext 2019/12/03 v1.3 Manage graphics extensions (HO)

(F:\LaTeX\miktex-portable\texmfs\install\tex/generic/kvdefinekeys\kvdefinekeys.
sty
Package: kvdefinekeys 2019-12-19 v1.6 Define keys (HO)
))
(F:\LaTeX\miktex-portable\texmfs\install\tex/latex/kvoptions\kvoptions.sty
Package: kvoptions 2020-10-07 v3.14 Key value format for package options (HO)

(F:\LaTeX\miktex-portable\texmfs\install\tex/generic/kvsetkeys\kvsetkeys.sty
Package: kvsetkeys 2019/12/15 v1.18 Key value parser (HO)
))
Package epstopdf-base Info: Redefining graphics rule for `.eps' on input line 4
85.
Package grfext Info: Graphics extension search list:
(grfext)             [.pdf,.png,.jpg,.mps,.jpeg,.jbig2,.jb2,.PDF,.PNG,.JPG,.JPE
G,.JBIG2,.JB2,.eps]
(grfext)             \AppendGraphicsExtensions on input line 504.

(F:\LaTeX\miktex-portable\texmfs\install\tex/latex/00miktex\epstopdf-sys.cfg
File: epstopdf-sys.cfg 2021/03/18 v2.0 Configuration of epstopdf for MiKTeX
))
*geometry* driver: auto-detecting
*geometry* detected driver: pdftex
*geometry* verbose mode - [ preamble ] result:
* driver: pdftex
* paper: <default>
* layout: <same size as paper>
* layoutoffset:(h,v)=(0.0pt,0.0pt)
* modes: 
* h-part:(L,W,R)=(71.13188pt, 472.03123pt, 71.13188pt)
* v-part:(T,H,B)=(71.13188pt, 652.70622pt, 71.13188pt)
* \paperwidth=614.295pt
* \paperheight=794.96999pt
* \textwidth=472.03123pt
* \textheight=652.70622pt
* \oddsidemargin=-1.1381pt
* \evensidemargin=-1.1381pt
* \topmargin=-38.1381pt
* \headheight=12.0pt
* \headsep=25.0pt
* \topskip=11.0pt
* \footskip=30.0pt
* \marginparwidth=59.0pt
* \marginparsep=10.0pt
* \columnsep=10.0pt
* \skip\footins=10.0pt plus 4.0pt minus 2.0pt
* \hoffset=0.0pt
* \voffset=0.0pt
* \mag=1000
* \@twocolumnfalse
* \@twosidefalse
* \@mparswitchfalse
* \@reversemarginfalse
* (1in=72.27pt=25.4mm, 1cm=28.453pt)

\c@lstlisting=\count295
(F:\LaTeX\miktex-portable\texmfs\install\tex/latex/base\inputenc.sty
Package: inputenc 2020/08/01 v1.3d Input encoding file
\inpenc@prehook=\toks34
\inpenc@posthook=\toks35
)
\openout2 = `Cover.aux'.


(Cover.tex
<./images//logo-isec.png, id=4, 411.5375pt x 125.46875pt>
File: ./images//logo-isec.png Graphic file (type png)
<use ./images//logo-isec.png>
Package pdftex.def Info: ./images//logo-isec.png  used on input line 4.
(pdftex.def)             Requested size: 141.61081pt x 43.1738pt.
<./images//logo.png, id=6, 296.10625pt x 296.10625pt>
File: ./images//logo.png Graphic file (type png)
<use ./images//logo.png>
Package pdftex.def Info: ./images//logo.png  used on input line 18.
(pdftex.def)             Requested size: 141.61081pt x 141.6143pt.
LaTeX Font Info:    External font `cmex10' loaded for size
(Font)              <14.4> on input line 32.
LaTeX Font Info:    External font `cmex10' loaded for size
(Font)              <7> on input line 32.
 [1


{F:/LaTeX/miktex-portable/texmfs/data/pdftex/config/pdftex.map} <./images//logo
-isec.png> <./images//logo.png>]) (Relatorio.toc)
\tf@toc=\write4
\openout4 = `Relatorio.toc'.

 [1


] [2]
LaTeX Font Info:    External font `cmex10' loaded for size
(Font)              <10.95> on input line 72.
LaTeX Font Info:    External font `cmex10' loaded for size
(Font)              <8> on input line 72.
LaTeX Font Info:    External font `cmex10' loaded for size
(Font)              <6> on input line 72.
 [3]
(Relatorio.lof)
\tf@lof=\write5
\openout5 = `Relatorio.lof'.

 [4] (Relatorio.aux (Cover.aux)) ) 
Here is how much of TeX's memory you used:
 15118 strings out of 479173
 296254 string characters out of 2856534
 769873 words of memory out of 3000000
 32433 multiletter control sequences out of 15000+600000
 409548 words of font info for 47 fonts, out of 8000000 for 9000
 1141 hyphenation exceptions out of 8191
 84i,7n,89p,612b,263s stack positions out of 5000i,500n,10000p,200000b,80000s
 <F:\LaTeX\miktex-portable\texmfs/data\fonts/
pk/ljfour/jknappen/ec/dpi600\tcrm1095.pk><F:/LaTeX/miktex-portable/texmfs/insta
ll/fonts/type1/public/amsfonts/cm/cmbx10.pfb><F:/LaTeX/miktex-portable/texmfs/i
nstall/fonts/type1/public/amsfonts/cm/cmbx12.pfb><F:/LaTeX/miktex-portable/texm
fs/install/fonts/type1/public/amsfonts/cm/cmr10.pfb><F:/LaTeX/miktex-portable/t
exmfs/install/fonts/type1/public/amsfonts/cm/cmr12.pfb><F:/LaTeX/miktex-portabl
e/texmfs/install/fonts/type1/public/amsfonts/cm/cmr17.pfb>
Output written on Relatorio.pdf (5 pages, 113328 bytes).
PDF statistics:
 53 PDF objects out of 1000 (max. 8388607)
 0 named destinations out of 1000 (max. 500000)
 23 words of extra memory for PDF output out of 10000 (max. 10000000)

